<?xml version="1.0" encoding="UTF-8"?>
<!-- Generated by org.testng.reporters.JUnitReportReporter -->
<testsuite name="assignment1.Ebay" tests="1" time="77.060" ignored="0" failures="0" timestamp="14 Dec 2020 09:32:29 GMT" skipped="0" hostname="Microsoft-PC" errors="0">
  <testcase name="Test" time="77.060" classname="assignment1.Ebay"/>
</testsuite> <!-- assignment1.Ebay -->
