<?xml version="1.0" encoding="UTF-8"?>
<!-- Generated by org.testng.reporters.JUnitReportReporter -->
<testsuite name="day1.ass1" tests="1" time="13.967" ignored="0" failures="0" timestamp="09 Dec 2020 11:30:12 GMT" skipped="0" hostname="Microsoft-PC" errors="0">
  <testcase name="test" time="13.967" classname="day1.ass1"/>
</testsuite> <!-- day1.ass1 -->
