<?xml version="1.0" encoding="UTF-8"?>
<!-- Generated by org.testng.reporters.JUnitReportReporter -->
<testsuite name="day1.Ebay" tests="1" time="53.305" ignored="0" failures="0" timestamp="13 Dec 2020 17:50:34 GMT" skipped="0" hostname="Microsoft-PC" errors="0">
  <testcase name="Test" time="53.305" classname="day1.Ebay"/>
</testsuite> <!-- day1.Ebay -->
