<?xml version="1.0" encoding="UTF-8"?>
<!-- Generated by org.testng.reporters.JUnitReportReporter -->
<testsuite name="day1.NewTest" tests="1" time="40.610" ignored="0" failures="0" timestamp="13 Dec 2020 17:31:28 GMT" skipped="0" hostname="Microsoft-PC" errors="0">
  <testcase name="Test" time="40.610" classname="day1.NewTest"/>
</testsuite> <!-- day1.NewTest -->
